mode: set
github.com/Leganyst/appointment-platform/internal/calendar/pagination.go:15.61,20.19 3 0
github.com/Leganyst/appointment-platform/internal/calendar/pagination.go:20.19,22.3 1 0
github.com/Leganyst/appointment-platform/internal/calendar/pagination.go:23.2,23.15 1 0
github.com/Leganyst/appointment-platform/internal/calendar/pagination.go:23.15,25.3 1 0
github.com/Leganyst/appointment-platform/internal/calendar/pagination.go:27.2,28.19 2 0
github.com/Leganyst/appointment-platform/internal/calendar/pagination.go:28.19,30.3 1 0
github.com/Leganyst/appointment-platform/internal/calendar/pagination.go:32.2,33.17 2 0
github.com/Leganyst/appointment-platform/internal/calendar/pagination.go:33.17,35.3 1 0
github.com/Leganyst/appointment-platform/internal/calendar/pagination.go:37.2,49.3 4 0
github.com/Leganyst/appointment-platform/internal/calendar/pagination.go:53.62,55.2 1 0
github.com/Leganyst/appointment-platform/internal/calendar/user_validation.go:65.27,66.21 1 0
github.com/Leganyst/appointment-platform/internal/calendar/user_validation.go:66.21,68.3 1 0
github.com/Leganyst/appointment-platform/internal/calendar/user_validation.go:70.2,71.16 2 0
github.com/Leganyst/appointment-platform/internal/calendar/user_validation.go:71.16,73.3 1 0
github.com/Leganyst/appointment-platform/internal/calendar/user_validation.go:74.2,74.14 1 0
github.com/Leganyst/appointment-platform/internal/calendar/user_validation.go:74.14,76.3 1 0
github.com/Leganyst/appointment-platform/internal/calendar/user_validation.go:78.2,78.69 1 0
github.com/Leganyst/appointment-platform/internal/calendar/user_validation.go:78.69,80.3 1 0
github.com/Leganyst/appointment-platform/internal/calendar/user_validation.go:82.2,87.8 1 0
github.com/Leganyst/appointment-platform/internal/utils/calendar_utils.go:25.60,26.36 1 0
github.com/Leganyst/appointment-platform/internal/utils/calendar_utils.go:26.36,28.3 1 0
github.com/Leganyst/appointment-platform/internal/utils/calendar_utils.go:29.2,29.47 1 0
github.com/Leganyst/appointment-platform/internal/utils/calendar_utils.go:41.22,42.36 1 1
github.com/Leganyst/appointment-platform/internal/utils/calendar_utils.go:42.36,44.3 1 1
github.com/Leganyst/appointment-platform/internal/utils/calendar_utils.go:47.2,47.23 1 1
github.com/Leganyst/appointment-platform/internal/utils/calendar_utils.go:47.23,49.3 1 1
github.com/Leganyst/appointment-platform/internal/utils/calendar_utils.go:51.2,51.16 1 1
github.com/Leganyst/appointment-platform/internal/utils/calendar_utils.go:51.16,54.3 2 1
github.com/Leganyst/appointment-platform/internal/utils/calendar_utils.go:56.2,56.21 1 1
github.com/Leganyst/appointment-platform/internal/utils/calendar_utils.go:56.21,57.35 1 1
github.com/Leganyst/appointment-platform/internal/utils/calendar_utils.go:57.35,59.4 1 1
github.com/Leganyst/appointment-platform/internal/utils/calendar_utils.go:62.2,62.23 1 1
github.com/Leganyst/appointment-platform/internal/utils/calendar_utils.go:62.23,64.3 1 0
github.com/Leganyst/appointment-platform/internal/utils/calendar_utils.go:66.2,66.47 1 1
github.com/Leganyst/appointment-platform/internal/utils/calendar_utils.go:76.24,77.23 1 1
github.com/Leganyst/appointment-platform/internal/utils/calendar_utils.go:77.23,79.3 1 1
github.com/Leganyst/appointment-platform/internal/utils/calendar_utils.go:80.2,80.29 1 1
github.com/Leganyst/appointment-platform/internal/utils/calendar_utils.go:80.29,82.3 1 0
github.com/Leganyst/appointment-platform/internal/utils/calendar_utils.go:84.2,87.22 2 1
github.com/Leganyst/appointment-platform/internal/utils/calendar_utils.go:87.22,90.15 3 1
github.com/Leganyst/appointment-platform/internal/utils/calendar_utils.go:90.15,101.29 3 1
github.com/Leganyst/appointment-platform/internal/utils/calendar_utils.go:101.29,103.5 1 0
github.com/Leganyst/appointment-platform/internal/utils/calendar_utils.go:107.2,108.108 2 1
github.com/Leganyst/appointment-platform/internal/utils/calendar_utils.go:108.108,110.29 2 1
github.com/Leganyst/appointment-platform/internal/utils/calendar_utils.go:110.29,112.4 1 1
github.com/Leganyst/appointment-platform/internal/utils/calendar_utils.go:112.9,113.9 1 0
github.com/Leganyst/appointment-platform/internal/utils/calendar_utils.go:117.2,117.19 1 1
github.com/Leganyst/appointment-platform/internal/utils/calendar_utils.go:126.23,129.30 2 1
github.com/Leganyst/appointment-platform/internal/utils/calendar_utils.go:129.30,130.45 1 1
github.com/Leganyst/appointment-platform/internal/utils/calendar_utils.go:130.45,132.4 1 1
github.com/Leganyst/appointment-platform/internal/utils/calendar_utils.go:135.2,135.38 1 1
github.com/Leganyst/appointment-platform/internal/utils/calendar_utils.go:138.57,139.15 1 1
github.com/Leganyst/appointment-platform/internal/utils/calendar_utils.go:139.15,143.3 1 1
github.com/Leganyst/appointment-platform/internal/utils/calendar_utils.go:147.2,147.55 1 1
github.com/Leganyst/appointment-platform/internal/utils/calendar_utils.go:173.85,174.24 1 1
github.com/Leganyst/appointment-platform/internal/utils/calendar_utils.go:174.24,176.3 1 1
github.com/Leganyst/appointment-platform/internal/utils/calendar_utils.go:177.2,177.24 1 1
github.com/Leganyst/appointment-platform/internal/utils/calendar_utils.go:177.24,179.3 1 0
github.com/Leganyst/appointment-platform/internal/utils/calendar_utils.go:180.2,180.29 1 1
github.com/Leganyst/appointment-platform/internal/utils/calendar_utils.go:180.29,182.3 1 0
github.com/Leganyst/appointment-platform/internal/utils/calendar_utils.go:183.2,183.37 1 1
github.com/Leganyst/appointment-platform/internal/utils/calendar_utils.go:183.37,185.3 1 0
github.com/Leganyst/appointment-platform/internal/utils/calendar_utils.go:187.2,192.6 4 1
github.com/Leganyst/appointment-platform/internal/utils/calendar_utils.go:192.6,194.50 1 1
github.com/Leganyst/appointment-platform/internal/utils/calendar_utils.go:194.50,195.9 1 0
github.com/Leganyst/appointment-platform/internal/utils/calendar_utils.go:198.3,198.57 1 1
github.com/Leganyst/appointment-platform/internal/utils/calendar_utils.go:198.57,199.9 1 1
github.com/Leganyst/appointment-platform/internal/utils/calendar_utils.go:201.3,205.56 3 1
github.com/Leganyst/appointment-platform/internal/utils/calendar_utils.go:205.56,206.59 1 0
github.com/Leganyst/appointment-platform/internal/utils/calendar_utils.go:206.59,208.13 2 0
github.com/Leganyst/appointment-platform/internal/utils/calendar_utils.go:213.3,213.34 1 1
github.com/Leganyst/appointment-platform/internal/utils/calendar_utils.go:213.34,215.12 2 0
github.com/Leganyst/appointment-platform/internal/utils/calendar_utils.go:218.3,221.45 2 1
github.com/Leganyst/appointment-platform/internal/utils/calendar_utils.go:221.45,224.4 2 1
github.com/Leganyst/appointment-platform/internal/utils/calendar_utils.go:224.9,224.68 1 0
github.com/Leganyst/appointment-platform/internal/utils/calendar_utils.go:224.68,226.9 1 0
github.com/Leganyst/appointment-platform/internal/utils/calendar_utils.go:229.3,229.34 1 1
github.com/Leganyst/appointment-platform/internal/utils/calendar_utils.go:232.2,232.20 1 1
github.com/Leganyst/appointment-platform/internal/utils/calendar_utils.go:235.66,236.19 1 1
github.com/Leganyst/appointment-platform/internal/utils/calendar_utils.go:237.17,238.42 1 1
github.com/Leganyst/appointment-platform/internal/utils/calendar_utils.go:239.18,240.44 1 0
github.com/Leganyst/appointment-platform/internal/utils/calendar_utils.go:241.10,242.42 1 0
github.com/Leganyst/appointment-platform/internal/utils/calendar_utils.go:246.64,247.25 1 0
github.com/Leganyst/appointment-platform/internal/utils/calendar_utils.go:247.25,248.13 1 0
github.com/Leganyst/appointment-platform/internal/utils/calendar_utils.go:248.13,250.4 1 0
github.com/Leganyst/appointment-platform/internal/utils/calendar_utils.go:252.2,252.14 1 0
github.com/Leganyst/appointment-platform/internal/utils/calendar_utils.go:255.56,256.28 1 1
github.com/Leganyst/appointment-platform/internal/utils/calendar_utils.go:256.28,258.3 1 1
github.com/Leganyst/appointment-platform/internal/utils/calendar_utils.go:259.2,261.11 3 0
github.com/Leganyst/appointment-platform/internal/utils/calendar_utils.go:264.38,267.2 2 0
github.com/Leganyst/appointment-platform/internal/utils/calendar_utils.go:289.10,293.16 3 1
github.com/Leganyst/appointment-platform/internal/utils/calendar_utils.go:293.16,296.3 2 1
github.com/Leganyst/appointment-platform/internal/utils/calendar_utils.go:298.2,307.31 6 1
github.com/Leganyst/appointment-platform/internal/utils/calendar_utils.go:307.31,309.3 1 1
github.com/Leganyst/appointment-platform/internal/utils/calendar_utils.go:311.2,311.13 1 1
